<?xml version="1.0" encoding="UTF-8"?>
<beans xmlns="http://www.springframework.org/schema/beans" xmlns:aop="http://www.springframework.org/schema/aop"
    xmlns:cache="http://www.springframework.org/schema/cache" xmlns:p="http://www.springframework.org/schema/p"
	xmlns:xsi="http://www.w3.org/2001/XMLSchema-instance" xmlns:context="http://www.springframework.org/schema/context" 
	xmlns:tx="http://www.springframework.org/schema/tx"
	xsi:schemaLocation="
		   http://www.springframework.org/schema/aop http://www.springframework.org/schema/aop/spring-aop-3.2.xsd 
	       http://www.springframework.org/schema/beans http://www.springframework.org/schema/beans/spring-beans-3.2.xsd
	       http://www.springframework.org/schema/cache http://www.springframework.org/schema/cache/spring-cache-3.2.xsd
       	   http://www.springframework.org/schema/tx http://www.springframework.org/schema/tx/spring-tx-3.2.xsd
	       http://www.springframework.org/schema/context http://www.springframework.org/schema/context/spring-context-3.2.xsd
       ">
       
	<aop:aspectj-autoproxy />

	<!-- Scan for spring annotated components -->
	<context:component-scan base-package="com.decisionmaker.aspect" />
	<context:component-scan base-package="com.decisionmaker.repository" />
	<context:component-scan base-package="com.decisionmaker.service" />
	<context:component-scan base-package="com.decisionmaker.util"/>

	<context:property-placeholder location="classpath:/test-application.properties" />

	<tx:annotation-driven/>

	<bean id="dataSource" class="org.apache.commons.dbcp.BasicDataSource"
		destroy-method="close">
		<property name="driverClassName" value="${jdbc.driver.name}" />
		<property name="url" value="${jdbc.url}" />
		<property name="username" value="${jdbc.username}" />
		<property name="password" value="${jdbc.password}" />
	</bean>

	<bean id="sessionFactory" class="org.springframework.orm.hibernate4.LocalSessionFactoryBean"
		lazy-init="true">
		<property name="dataSource" ref="dataSource" />
		<property name="hibernateProperties">
			<props>
				<prop key="hibernate.dialect">${hibernate.dialect.property}</prop>
				<prop key="hibernate.show_sql">${hibernate.display.sql}</prop>
				<prop key="hibernate.hbm2ddl.auto">validate</prop>
				<prop key="hibernate.connection.pool_size">3</prop>
				<prop key="hibernate.connection.autocommit">true</prop>
			</props>
		</property>
		<property name="packagesToScan" value="com.decisionmaker.domain" />
	</bean>

	<bean id="transactionManager" class="org.springframework.orm.hibernate4.HibernateTransactionManager">
		<property name="sessionFactory" ref="sessionFactory"/>
		<property name="dataSource" ref="dataSource"/>
	</bean>

	<!-- Process annotations on registered beans like @Autowired... -->
	<context:annotation-config />

</beans>