<?xml version="1.0" encoding="UTF-8"?>
<beans xmlns="http://www.springframework.org/schema/beans" xmlns:aop="http://www.springframework.org/schema/aop"
	xmlns:p="http://www.springframework.org/schema/p" xmlns:xsi="http://www.w3.org/2001/XMLSchema-instance"
	xmlns:context="http://www.springframework.org/schema/context" 
	xsi:schemaLocation="
		   http://www.springframework.org/schema/aop http://www.springframework.org/schema/aop/spring-aop-3.2.xsd 
	       http://www.springframework.org/schema/beans http://www.springframework.org/schema/beans/spring-beans-3.2.xsd
	       http://www.springframework.org/schema/context http://www.springframework.org/schema/context/spring-context-3.2.xsd
       ">
       
	<!-- Enable AspectJ style of Spring AOP -->
	<aop:aspectj-autoproxy proxy-target-class="true"/>
	 
	<bean name="dummyAspect" class="com.decisionmaker.aspect.DummyAspect" />
	<bean name="dummyObject" class="com.decisionmaker.domain.DummyObject">
		<property name="id" value="1"/>
	</bean>

</beans>