<?xml version="1.0" encoding="UTF-8"?>
<beans xmlns="http://www.springframework.org/schema/beans"
    xmlns:cache="http://www.springframework.org/schema/cache" xmlns:p="http://www.springframework.org/schema/p"
	xmlns:xsi="http://www.w3.org/2001/XMLSchema-instance" xmlns:mvc="http://www.springframework.org/schema/mvc"
	xmlns:context="http://www.springframework.org/schema/context" xmlns:tx="http://www.springframework.org/schema/tx"
	xsi:schemaLocation="
	       http://www.springframework.org/schema/beans http://www.springframework.org/schema/beans/spring-beans-3.2.xsd
	       http://www.springframework.org/schema/cache http://www.springframework.org/schema/cache/spring-cache-3.2.xsd
	       http://www.springframework.org/schema/mvc http://www.springframework.org/schema/mvc/spring-mvc-3.2.xsd 
       	   http://www.springframework.org/schema/tx http://www.springframework.org/schema/tx/spring-tx-3.2.xsd
	       http://www.springframework.org/schema/context http://www.springframework.org/schema/context/spring-context-3.2.xsd
       ">

	<!-- Scan for spring annotated components -->

	<bean id="userRepo" class="com.decision.maker.repository.user.UserRepository">
		<property name="sessionFactory">
			<bean class="org.hibernate.SessionFactory"/>
		</property>
	</bean>
	<bean id="userService" class="com.decision.maker.service.user.UserService">
		<property name="userRepository" ref="userRepo"/>
	</bean>	
	
	<bean id="userController" class="com.decision.maker.controller.UserController">
		<property name="userService" ref="userService"/>
	</bean>

	<context:property-placeholder location="classpath:/test-application.properties" />


	<!-- Process annotations on registered beans like @Autowired... -->
	<context:annotation-config />

	<!-- This tag registers the DefaultAnnotationHandlerMapping and AnnotationMethodHandlerAdapter 
		beans that are required for Spring MVC -->
    <mvc:annotation-driven/>
	
	<!-- Exception Resolver that resolves exceptions through @ExceptionHandler methods -->
	<bean class="org.springframework.web.servlet.mvc.method.annotation.ExceptionHandlerExceptionResolver" />

</beans>